2020-07-25 09:42:29.569  WARN [user-provider,,,] 10874 --- [kground-preinit] o.s.h.c.j.Jackson2ObjectMapperBuilder    : For Jackson Kotlin classes support please add "com.fasterxml.jackson.module:jackson-module-kotlin" to the classpath

  .   ____          _            __ _ _
 /\\ / ___'_ __ _ _(_)_ __  __ _ \ \ \ \
( ( )\___ | '_ | '_| | '_ \/ _` | \ \ \ \
 \\/  ___)| |_)| | | | | || (_| |  ) ) ) )
  '  |____| .__|_| |_|_| |_\__, | / / / /
 =========|_|==============|___/=/_/_/_/
 :: Spring Boot ::        (v2.3.1.RELEASE)

2020-07-25 09:42:29.839  INFO [user-provider,,,] 10874 --- [           main] c.s.u.provider.UserProviderApplication   : No active profile set, falling back to default profiles: default
2020-07-25 09:42:32.202  INFO [user-provider,,,] 10874 --- [           main] o.s.cloud.context.scope.GenericScope     : BeanFactory id=ff6ecde4-c7ad-3d8c-8dd1-5825ae73d02e
2020-07-25 09:42:33.510  INFO [user-provider,,,] 10874 --- [           main] o.s.b.w.embedded.tomcat.TomcatWebServer  : Tomcat initialized with port(s): 8087 (http)
2020-07-25 09:42:33.528  INFO [user-provider,,,] 10874 --- [           main] o.apache.catalina.core.StandardService   : Starting service [Tomcat]
2020-07-25 09:42:33.529  INFO [user-provider,,,] 10874 --- [           main] org.apache.catalina.core.StandardEngine  : Starting Servlet engine: [Apache Tomcat/9.0.36]
2020-07-25 09:42:33.633  INFO [user-provider,,,] 10874 --- [           main] o.a.c.c.C.[Tomcat].[localhost].[/]       : Initializing Spring embedded WebApplicationContext
2020-07-25 09:42:33.633  INFO [user-provider,,,] 10874 --- [           main] w.s.c.ServletWebServerApplicationContext : Root WebApplicationContext: initialization completed in 3745 ms
2020-07-25 09:42:34.309  WARN [user-provider,,,] 10874 --- [           main] c.n.c.sources.URLConfigurationSource     : No URLs will be polled as dynamic configuration sources.
2020-07-25 09:42:34.309  INFO [user-provider,,,] 10874 --- [           main] c.n.c.sources.URLConfigurationSource     : To enable URLs as dynamic configuration sources, define System property archaius.configurationSource.additionalUrls or make config.properties available on classpath.
2020-07-25 09:42:34.321  WARN [user-provider,,,] 10874 --- [           main] c.n.c.sources.URLConfigurationSource     : No URLs will be polled as dynamic configuration sources.
2020-07-25 09:42:34.321  INFO [user-provider,,,] 10874 --- [           main] c.n.c.sources.URLConfigurationSource     : To enable URLs as dynamic configuration sources, define System property archaius.configurationSource.additionalUrls or make config.properties available on classpath.
2020-07-25 09:42:35.210  INFO [user-provider,,,] 10874 --- [           main] o.s.s.concurrent.ThreadPoolTaskExecutor  : Initializing ExecutorService 'applicationTaskExecutor'
2020-07-25 09:42:36.062  WARN [user-provider,,,] 10874 --- [           main] ockingLoadBalancerClientRibbonWarnLogger : You already have RibbonLoadBalancerClient on your classpath. It will be used by default. As Spring Cloud Ribbon is in maintenance mode. We recommend switching to BlockingLoadBalancerClient instead. In order to use it, set the value of `spring.cloud.loadbalancer.ribbon.enabled` to `false` or remove spring-cloud-starter-netflix-ribbon from your project.
2020-07-25 09:42:36.634  INFO [user-provider,,,] 10874 --- [           main] o.s.c.n.eureka.InstanceInfoFactory       : Setting initial instance status as: STARTING
2020-07-25 09:42:36.780  INFO [user-provider,,,] 10874 --- [           main] com.netflix.discovery.DiscoveryClient    : Initializing Eureka in region us-east-1
2020-07-25 09:42:37.063  INFO [user-provider,,,] 10874 --- [           main] c.n.d.provider.DiscoveryJerseyProvider   : Using JSON encoding codec LegacyJacksonJson
2020-07-25 09:42:37.064  INFO [user-provider,,,] 10874 --- [           main] c.n.d.provider.DiscoveryJerseyProvider   : Using JSON decoding codec LegacyJacksonJson
2020-07-25 09:42:37.367  INFO [user-provider,,,] 10874 --- [           main] c.n.d.provider.DiscoveryJerseyProvider   : Using XML encoding codec XStreamXml
2020-07-25 09:42:37.367  INFO [user-provider,,,] 10874 --- [           main] c.n.d.provider.DiscoveryJerseyProvider   : Using XML decoding codec XStreamXml
2020-07-25 09:42:37.824  INFO [user-provider,,,] 10874 --- [           main] c.n.d.s.r.aws.ConfigClusterResolver      : Resolving eureka endpoints via configuration
2020-07-25 09:42:37.866  INFO [user-provider,,,] 10874 --- [           main] com.netflix.discovery.DiscoveryClient    : Disable delta property : false
2020-07-25 09:42:37.866  INFO [user-provider,,,] 10874 --- [           main] com.netflix.discovery.DiscoveryClient    : Single vip registry refresh property : null
2020-07-25 09:42:37.866  INFO [user-provider,,,] 10874 --- [           main] com.netflix.discovery.DiscoveryClient    : Force full registry fetch : false
2020-07-25 09:42:37.866  INFO [user-provider,,,] 10874 --- [           main] com.netflix.discovery.DiscoveryClient    : Application is null : false
2020-07-25 09:42:37.866  INFO [user-provider,,,] 10874 --- [           main] com.netflix.discovery.DiscoveryClient    : Registered Applications size is zero : true
2020-07-25 09:42:37.867  INFO [user-provider,,,] 10874 --- [           main] com.netflix.discovery.DiscoveryClient    : Application version is -1: true
2020-07-25 09:42:37.867  INFO [user-provider,,,] 10874 --- [           main] com.netflix.discovery.DiscoveryClient    : Getting all instance registry info from the eureka server
2020-07-25 09:42:38.168  INFO [user-provider,,,] 10874 --- [           main] com.netflix.discovery.DiscoveryClient    : The response status is 200
2020-07-25 09:42:38.171  INFO [user-provider,,,] 10874 --- [           main] com.netflix.discovery.DiscoveryClient    : Starting heartbeat executor: renew interval is: 30
2020-07-25 09:42:38.174  INFO [user-provider,,,] 10874 --- [           main] c.n.discovery.InstanceInfoReplicator     : InstanceInfoReplicator onDemand update allowed rate per min is 4
2020-07-25 09:42:38.179  INFO [user-provider,,,] 10874 --- [           main] com.netflix.discovery.DiscoveryClient    : Discovery Client initialized at timestamp 1595641358178 with initial instances count: 1
2020-07-25 09:42:38.190  INFO [user-provider,,,] 10874 --- [           main] o.s.c.n.e.s.EurekaServiceRegistry        : Registering application USER-PROVIDER with eureka with status UP
2020-07-25 09:42:38.191  INFO [user-provider,,,] 10874 --- [           main] com.netflix.discovery.DiscoveryClient    : Saw local status change event StatusChangeEvent [timestamp=1595641358191, current=UP, previous=STARTING]
2020-07-25 09:42:38.193  INFO [user-provider,,,] 10874 --- [nfoReplicator-0] com.netflix.discovery.DiscoveryClient    : DiscoveryClient_USER-PROVIDER/192.168.2.1:user-provider:8087: registering service...
2020-07-25 09:42:38.226  INFO [user-provider,,,] 10874 --- [nfoReplicator-0] com.netflix.discovery.DiscoveryClient    : DiscoveryClient_USER-PROVIDER/192.168.2.1:user-provider:8087 - registration status: 204
2020-07-25 09:42:38.229  INFO [user-provider,,,] 10874 --- [           main] o.s.b.w.embedded.tomcat.TomcatWebServer  : Tomcat started on port(s): 8087 (http) with context path ''
2020-07-25 09:42:38.229  INFO [user-provider,,,] 10874 --- [           main] .s.c.n.e.s.EurekaAutoServiceRegistration : Updating port to 8087
2020-07-25 09:42:38.258  INFO [user-provider,,,] 10874 --- [           main] c.s.u.provider.UserProviderApplication   : Started UserProviderApplication in 10.667 seconds (JVM running for 11.506)
2020-07-25 09:43:55.541  INFO [user-provider,,,] 10874 --- [nio-8087-exec-1] o.a.c.c.C.[Tomcat].[localhost].[/]       : Initializing Spring DispatcherServlet 'dispatcherServlet'
2020-07-25 09:43:55.544  INFO [user-provider,,,] 10874 --- [nio-8087-exec-1] o.s.web.servlet.DispatcherServlet        : Initializing Servlet 'dispatcherServlet'
2020-07-25 09:43:55.581  INFO [user-provider,,,] 10874 --- [nio-8087-exec-1] o.s.web.servlet.DispatcherServlet        : Completed initialization in 37 ms
=============id100
=============id100
=============id100
=============id100
2020-07-25 09:47:37.869  INFO [user-provider,,,] 10874 --- [trap-executor-0] c.n.d.s.r.aws.ConfigClusterResolver      : Resolving eureka endpoints via configuration
2020-07-25 09:52:37.920  INFO [user-provider,,,] 10874 --- [trap-executor-0] c.n.d.s.r.aws.ConfigClusterResolver      : Resolving eureka endpoints via configuration
2020-07-25 09:57:37.933  INFO [user-provider,,,] 10874 --- [trap-executor-0] c.n.d.s.r.aws.ConfigClusterResolver      : Resolving eureka endpoints via configuration
2020-07-25 10:02:37.943  INFO [user-provider,,,] 10874 --- [trap-executor-0] c.n.d.s.r.aws.ConfigClusterResolver      : Resolving eureka endpoints via configuration
2020-07-25 10:07:37.956  INFO [user-provider,,,] 10874 --- [trap-executor-0] c.n.d.s.r.aws.ConfigClusterResolver      : Resolving eureka endpoints via configuration
2020-07-25 10:12:37.968  INFO [user-provider,,,] 10874 --- [trap-executor-0] c.n.d.s.r.aws.ConfigClusterResolver      : Resolving eureka endpoints via configuration
2020-07-25 10:17:37.974  INFO [user-provider,,,] 10874 --- [trap-executor-0] c.n.d.s.r.aws.ConfigClusterResolver      : Resolving eureka endpoints via configuration
2020-07-25 10:22:38.004  INFO [user-provider,,,] 10874 --- [trap-executor-0] c.n.d.s.r.aws.ConfigClusterResolver      : Resolving eureka endpoints via configuration
2020-07-25 10:40:29.891  INFO [user-provider,,,] 10874 --- [trap-executor-0] c.n.d.s.r.aws.ConfigClusterResolver      : Resolving eureka endpoints via configuration
2020-07-25 10:45:29.905  INFO [user-provider,,,] 10874 --- [trap-executor-0] c.n.d.s.r.aws.ConfigClusterResolver      : Resolving eureka endpoints via configuration
2020-07-25 10:50:29.916  INFO [user-provider,,,] 10874 --- [trap-executor-0] c.n.d.s.r.aws.ConfigClusterResolver      : Resolving eureka endpoints via configuration
