
  .   ____          _            __ _ _
 /\\ / ___'_ __ _ _(_)_ __  __ _ \ \ \ \
( ( )\___ | '_ | '_| | '_ \/ _` | \ \ \ \
 \\/  ___)| |_)| | | | | || (_| |  ) ) ) )
  '  |____| .__|_| |_|_| |_\__, | / / / /
 =========|_|==============|___/=/_/_/_/
 :: Spring Boot ::        (v2.3.1.RELEASE)

2020-07-25 09:43:19.406  INFO [zuul-server,,,] 11090 --- [           main] c.sc.zuul.server.ZuulServerApplication   : No active profile set, falling back to default profiles: default
2020-07-25 09:43:19.843  WARN [zuul-server,,,] 11090 --- [           main] o.s.boot.actuate.endpoint.EndpointId     : Endpoint ID 'hystrix.stream' contains invalid characters, please migrate to a valid format.
2020-07-25 09:43:20.557  WARN [zuul-server,,,] 11090 --- [           main] o.s.boot.actuate.endpoint.EndpointId     : Endpoint ID 'service-registry' contains invalid characters, please migrate to a valid format.
2020-07-25 09:43:20.855  INFO [zuul-server,,,] 11090 --- [           main] o.s.cloud.context.scope.GenericScope     : BeanFactory id=65ed7871-4e71-39cc-9cb5-9c7cfb65c9eb
2020-07-25 09:43:21.665  INFO [zuul-server,,,] 11090 --- [           main] o.s.b.w.embedded.tomcat.TomcatWebServer  : Tomcat initialized with port(s): 80 (http)
2020-07-25 09:43:21.674  INFO [zuul-server,,,] 11090 --- [           main] o.apache.catalina.core.StandardService   : Starting service [Tomcat]
2020-07-25 09:43:21.675  INFO [zuul-server,,,] 11090 --- [           main] org.apache.catalina.core.StandardEngine  : Starting Servlet engine: [Apache Tomcat/9.0.36]
2020-07-25 09:43:21.754  INFO [zuul-server,,,] 11090 --- [           main] o.a.c.c.C.[Tomcat].[localhost].[/]       : Initializing Spring embedded WebApplicationContext
2020-07-25 09:43:21.754  INFO [zuul-server,,,] 11090 --- [           main] w.s.c.ServletWebServerApplicationContext : Root WebApplicationContext: initialization completed in 2317 ms
2020-07-25 09:43:21.889  WARN [zuul-server,,,] 11090 --- [           main] c.n.c.sources.URLConfigurationSource     : No URLs will be polled as dynamic configuration sources.
2020-07-25 09:43:21.889  INFO [zuul-server,,,] 11090 --- [           main] c.n.c.sources.URLConfigurationSource     : To enable URLs as dynamic configuration sources, define System property archaius.configurationSource.additionalUrls or make config.properties available on classpath.
2020-07-25 09:43:21.908  INFO [zuul-server,,,] 11090 --- [           main] c.netflix.config.DynamicPropertyFactory  : DynamicPropertyFactory is initialized with configuration sources: com.netflix.config.ConcurrentCompositeConfiguration@433ffad1
2020-07-25 09:43:22.656  INFO [zuul-server,,,] 11090 --- [           main] o.s.b.a.e.web.ServletEndpointRegistrar   : Registered '/actuator/hystrix.stream' to hystrix.stream-actuator-endpoint
2020-07-25 09:43:22.726  WARN [zuul-server,,,] 11090 --- [           main] c.n.c.sources.URLConfigurationSource     : No URLs will be polled as dynamic configuration sources.
2020-07-25 09:43:22.726  INFO [zuul-server,,,] 11090 --- [           main] c.n.c.sources.URLConfigurationSource     : To enable URLs as dynamic configuration sources, define System property archaius.configurationSource.additionalUrls or make config.properties available on classpath.
2020-07-25 09:43:23.112  INFO [zuul-server,,,] 11090 --- [           main] o.s.s.concurrent.ThreadPoolTaskExecutor  : Initializing ExecutorService 'applicationTaskExecutor'
2020-07-25 09:43:23.735  WARN [zuul-server,,,] 11090 --- [           main] ockingLoadBalancerClientRibbonWarnLogger : You already have RibbonLoadBalancerClient on your classpath. It will be used by default. As Spring Cloud Ribbon is in maintenance mode. We recommend switching to BlockingLoadBalancerClient instead. In order to use it, set the value of `spring.cloud.loadbalancer.ribbon.enabled` to `false` or remove spring-cloud-starter-netflix-ribbon from your project.
2020-07-25 09:43:24.526  INFO [zuul-server,,,] 11090 --- [           main] o.s.c.n.zuul.ZuulFilterInitializer       : Starting filter initializer
2020-07-25 09:43:24.694  INFO [zuul-server,,,] 11090 --- [           main] o.s.b.a.e.web.EndpointLinksResolver      : Exposing 7 endpoint(s) beneath base path '/actuator'
2020-07-25 09:43:24.786  INFO [zuul-server,,,] 11090 --- [           main] o.s.c.n.eureka.InstanceInfoFactory       : Setting initial instance status as: STARTING
2020-07-25 09:43:24.936  INFO [zuul-server,,,] 11090 --- [           main] com.netflix.discovery.DiscoveryClient    : Initializing Eureka in region us-east-1
2020-07-25 09:43:25.060  INFO [zuul-server,,,] 11090 --- [           main] c.n.d.provider.DiscoveryJerseyProvider   : Using JSON encoding codec LegacyJacksonJson
2020-07-25 09:43:25.060  INFO [zuul-server,,,] 11090 --- [           main] c.n.d.provider.DiscoveryJerseyProvider   : Using JSON decoding codec LegacyJacksonJson
2020-07-25 09:43:25.422  INFO [zuul-server,,,] 11090 --- [           main] c.n.d.provider.DiscoveryJerseyProvider   : Using XML encoding codec XStreamXml
2020-07-25 09:43:25.422  INFO [zuul-server,,,] 11090 --- [           main] c.n.d.provider.DiscoveryJerseyProvider   : Using XML decoding codec XStreamXml
2020-07-25 09:43:25.926  INFO [zuul-server,,,] 11090 --- [           main] c.n.d.s.r.aws.ConfigClusterResolver      : Resolving eureka endpoints via configuration
2020-07-25 09:43:25.972  INFO [zuul-server,,,] 11090 --- [           main] com.netflix.discovery.DiscoveryClient    : Disable delta property : false
2020-07-25 09:43:25.972  INFO [zuul-server,,,] 11090 --- [           main] com.netflix.discovery.DiscoveryClient    : Single vip registry refresh property : null
2020-07-25 09:43:25.973  INFO [zuul-server,,,] 11090 --- [           main] com.netflix.discovery.DiscoveryClient    : Force full registry fetch : false
2020-07-25 09:43:25.973  INFO [zuul-server,,,] 11090 --- [           main] com.netflix.discovery.DiscoveryClient    : Application is null : false
2020-07-25 09:43:25.973  INFO [zuul-server,,,] 11090 --- [           main] com.netflix.discovery.DiscoveryClient    : Registered Applications size is zero : true
2020-07-25 09:43:25.973  INFO [zuul-server,,,] 11090 --- [           main] com.netflix.discovery.DiscoveryClient    : Application version is -1: true
2020-07-25 09:43:25.973  INFO [zuul-server,,,] 11090 --- [           main] com.netflix.discovery.DiscoveryClient    : Getting all instance registry info from the eureka server
2020-07-25 09:43:26.328  INFO [zuul-server,,,] 11090 --- [           main] com.netflix.discovery.DiscoveryClient    : The response status is 200
2020-07-25 09:43:26.332  INFO [zuul-server,,,] 11090 --- [           main] com.netflix.discovery.DiscoveryClient    : Starting heartbeat executor: renew interval is: 30
2020-07-25 09:43:26.337  INFO [zuul-server,,,] 11090 --- [           main] c.n.discovery.InstanceInfoReplicator     : InstanceInfoReplicator onDemand update allowed rate per min is 4
2020-07-25 09:43:26.341  INFO [zuul-server,,,] 11090 --- [           main] com.netflix.discovery.DiscoveryClient    : Discovery Client initialized at timestamp 1595641406340 with initial instances count: 4
2020-07-25 09:43:26.357  INFO [zuul-server,,,] 11090 --- [           main] o.s.c.n.e.s.EurekaServiceRegistry        : Registering application ZUUL-SERVER with eureka with status UP
2020-07-25 09:43:26.358  INFO [zuul-server,,,] 11090 --- [           main] com.netflix.discovery.DiscoveryClient    : Saw local status change event StatusChangeEvent [timestamp=1595641406358, current=UP, previous=STARTING]
2020-07-25 09:43:26.361  INFO [zuul-server,,,] 11090 --- [nfoReplicator-0] com.netflix.discovery.DiscoveryClient    : DiscoveryClient_ZUUL-SERVER/192.168.2.1:zuul-server:80: registering service...
2020-07-25 09:43:26.400  INFO [zuul-server,,,] 11090 --- [           main] o.s.b.w.embedded.tomcat.TomcatWebServer  : Tomcat started on port(s): 80 (http) with context path ''
2020-07-25 09:43:26.401  INFO [zuul-server,,,] 11090 --- [           main] .s.c.n.e.s.EurekaAutoServiceRegistration : Updating port to 80
2020-07-25 09:43:26.404  INFO [zuul-server,,,] 11090 --- [nfoReplicator-0] com.netflix.discovery.DiscoveryClient    : DiscoveryClient_ZUUL-SERVER/192.168.2.1:zuul-server:80 - registration status: 204
2020-07-25 09:43:26.448  INFO [zuul-server,,,] 11090 --- [           main] c.sc.zuul.server.ZuulServerApplication   : Started ZuulServerApplication in 8.583 seconds (JVM running for 9.225)
2020-07-25 09:45:28.715  INFO [zuul-server,,,] 11090 --- [p-nio-80-exec-1] o.a.c.c.C.[Tomcat].[localhost].[/]       : Initializing Spring DispatcherServlet 'dispatcherServlet'
2020-07-25 09:45:28.716  INFO [zuul-server,,,] 11090 --- [p-nio-80-exec-1] o.s.web.servlet.DispatcherServlet        : Initializing Servlet 'dispatcherServlet'
2020-07-25 09:45:28.731  INFO [zuul-server,,,] 11090 --- [p-nio-80-exec-1] o.s.web.servlet.DispatcherServlet        : Completed initialization in 15 ms
2020-07-25 09:45:39.871  INFO [zuul-server,3c194648df1a1018,3c194648df1a1018,true] 11090 --- [p-nio-80-exec-3] c.netflix.config.ChainedDynamicProperty  : Flipping property: user-provider.ribbon.ActiveConnectionsLimit to use NEXT property: niws.loadbalancer.availabilityFilteringRule.activeConnectionsLimit = 2147483647
2020-07-25 09:45:39.900  INFO [zuul-server,3c194648df1a1018,3c194648df1a1018,true] 11090 --- [p-nio-80-exec-3] c.n.u.concurrent.ShutdownEnabledTimer    : Shutdown hook installed for: NFLoadBalancer-PingTimer-user-provider
2020-07-25 09:45:39.901  INFO [zuul-server,3c194648df1a1018,3c194648df1a1018,true] 11090 --- [p-nio-80-exec-3] c.netflix.loadbalancer.BaseLoadBalancer  : Client: user-provider instantiated a LoadBalancer: DynamicServerListLoadBalancer:{NFLoadBalancer:name=user-provider,current list of Servers=[],Load balancer stats=Zone stats: {},Server stats: []}ServerList:null
2020-07-25 09:45:39.907  INFO [zuul-server,3c194648df1a1018,3c194648df1a1018,true] 11090 --- [p-nio-80-exec-3] c.n.l.DynamicServerListLoadBalancer      : Using serverListUpdater PollingServerListUpdater
2020-07-25 09:45:39.928  INFO [zuul-server,3c194648df1a1018,3c194648df1a1018,true] 11090 --- [p-nio-80-exec-3] c.netflix.config.ChainedDynamicProperty  : Flipping property: user-provider.ribbon.ActiveConnectionsLimit to use NEXT property: niws.loadbalancer.availabilityFilteringRule.activeConnectionsLimit = 2147483647
2020-07-25 09:45:39.930  INFO [zuul-server,3c194648df1a1018,3c194648df1a1018,true] 11090 --- [p-nio-80-exec-3] c.n.l.DynamicServerListLoadBalancer      : DynamicServerListLoadBalancer for client user-provider initialized: DynamicServerListLoadBalancer:{NFLoadBalancer:name=user-provider,current list of Servers=[192.168.2.1:8087, 192.168.2.1:8089],Load balancer stats=Zone stats: {defaultzone=[Zone:defaultzone;	Instance count:2;	Active connections count: 0;	Circuit breaker tripped count: 0;	Active connections per server: 0.0;]
},Server stats: [[Server:192.168.2.1:8089;	Zone:defaultZone;	Total Requests:0;	Successive connection failure:0;	Total blackout seconds:0;	Last connection made:Thu Jan 01 08:00:00 CST 1970;	First connection made: Thu Jan 01 08:00:00 CST 1970;	Active Connections:0;	total failure count in last (1000) msecs:0;	average resp time:0.0;	90 percentile resp time:0.0;	95 percentile resp time:0.0;	min resp time:0.0;	max resp time:0.0;	stddev resp time:0.0]
, [Server:192.168.2.1:8087;	Zone:defaultZone;	Total Requests:0;	Successive connection failure:0;	Total blackout seconds:0;	Last connection made:Thu Jan 01 08:00:00 CST 1970;	First connection made: Thu Jan 01 08:00:00 CST 1970;	Active Connections:0;	total failure count in last (1000) msecs:0;	average resp time:0.0;	90 percentile resp time:0.0;	95 percentile resp time:0.0;	min resp time:0.0;	max resp time:0.0;	stddev resp time:0.0]
]}ServerList:org.springframework.cloud.netflix.ribbon.eureka.DomainExtractingServerList@24ea38f8
2020-07-25 09:45:40.914  INFO [zuul-server,,,] 11090 --- [erListUpdater-0] c.netflix.config.ChainedDynamicProperty  : Flipping property: user-provider.ribbon.ActiveConnectionsLimit to use NEXT property: niws.loadbalancer.availabilityFilteringRule.activeConnectionsLimit = 2147483647
2020-07-25 09:48:25.983  INFO [zuul-server,,,] 11090 --- [trap-executor-0] c.n.d.s.r.aws.ConfigClusterResolver      : Resolving eureka endpoints via configuration
2020-07-25 09:53:26.037  INFO [zuul-server,,,] 11090 --- [trap-executor-0] c.n.d.s.r.aws.ConfigClusterResolver      : Resolving eureka endpoints via configuration
2020-07-25 09:58:26.049  INFO [zuul-server,,,] 11090 --- [trap-executor-0] c.n.d.s.r.aws.ConfigClusterResolver      : Resolving eureka endpoints via configuration
2020-07-25 10:03:26.063  INFO [zuul-server,,,] 11090 --- [trap-executor-0] c.n.d.s.r.aws.ConfigClusterResolver      : Resolving eureka endpoints via configuration
2020-07-25 10:08:26.078  INFO [zuul-server,,,] 11090 --- [trap-executor-0] c.n.d.s.r.aws.ConfigClusterResolver      : Resolving eureka endpoints via configuration
2020-07-25 10:13:26.090  INFO [zuul-server,,,] 11090 --- [trap-executor-0] c.n.d.s.r.aws.ConfigClusterResolver      : Resolving eureka endpoints via configuration
2020-07-25 10:18:26.098  INFO [zuul-server,,,] 11090 --- [trap-executor-0] c.n.d.s.r.aws.ConfigClusterResolver      : Resolving eureka endpoints via configuration
2020-07-25 10:36:18.001  INFO [zuul-server,,,] 11090 --- [trap-executor-0] c.n.d.s.r.aws.ConfigClusterResolver      : Resolving eureka endpoints via configuration
2020-07-25 10:41:18.011  INFO [zuul-server,,,] 11090 --- [trap-executor-0] c.n.d.s.r.aws.ConfigClusterResolver      : Resolving eureka endpoints via configuration
2020-07-25 10:46:18.030  INFO [zuul-server,,,] 11090 --- [trap-executor-0] c.n.d.s.r.aws.ConfigClusterResolver      : Resolving eureka endpoints via configuration
2020-07-25 10:51:18.047  INFO [zuul-server,,,] 11090 --- [trap-executor-0] c.n.d.s.r.aws.ConfigClusterResolver      : Resolving eureka endpoints via configuration
